[24/Mar/2014 14:13:40] "GET / HTTP/1.1" 200 1441
[24/Mar/2014 14:13:43] "GET /?page=2 HTTP/1.1" 200 2160
[24/Mar/2014 14:13:45] "GET /?page=3 HTTP/1.1" 200 1749
[24/Mar/2014 14:13:46] "GET /?page=4 HTTP/1.1" 200 2331
[24/Mar/2014 14:13:47] "GET /?page=5 HTTP/1.1" 200 1745
[24/Mar/2014 14:13:48] "GET /?page=6 HTTP/1.1" 200 1949
[24/Mar/2014 14:13:50] "GET /?page=5 HTTP/1.1" 200 1745
[24/Mar/2014 14:14:02] "GET /?page=6 HTTP/1.1" 200 1949
[24/Mar/2014 14:14:03] "GET /?page=7 HTTP/1.1" 200 1790
[24/Mar/2014 14:14:04] "GET /?page=8 HTTP/1.1" 200 1616
[24/Mar/2014 14:14:04] "GET /?page=9 HTTP/1.1" 200 1895
[24/Mar/2014 14:14:05] "GET /?page=8 HTTP/1.1" 200 1616
[24/Mar/2014 22:50:32] "GET / HTTP/1.1" 200 1441
Validating models...

0 errors found
March 24, 2014 - 14:13:28
Django version 1.6.2, using settings 'linkPad2.settings'
Starting development server at http://0.0.0.0:8002/
Quit the server with CONTROL-C.
Unhandled exception in thread started by <function wrapper at 0x16b48c0>
Traceback (most recent call last):
  File "/usr/local/lib/python2.7/dist-packages/django/utils/autoreload.py", line 96, in wrapper
    et, ev, tb = sys.exc_info()
AttributeError: 'NoneType' object has no attribute 'exc_info'
[24/Mar/2014 22:51:37] "GET / HTTP/1.1" 200 3233
[24/Mar/2014 22:52:43] "GET / HTTP/1.1" 200 3725
[24/Mar/2014 22:52:46] "GET / HTTP/1.1" 200 3725
[24/Mar/2014 22:52:46] "GET / HTTP/1.1" 200 3725
[24/Mar/2014 22:52:59] "GET / HTTP/1.1" 200 3738
[24/Mar/2014 22:53:01] "GET / HTTP/1.1" 200 3738
[24/Mar/2014 22:53:17] "GET / HTTP/1.1" 200 3725
[24/Mar/2014 22:53:31] "GET / HTTP/1.1" 200 3756
[24/Mar/2014 22:53:44] "GET / HTTP/1.1" 200 3730
[24/Mar/2014 22:55:02] "GET / HTTP/1.1" 200 3696
[24/Mar/2014 22:55:02] "GET /css/main.css HTTP/1.1" 404 2068
[24/Mar/2014 22:55:03] "GET / HTTP/1.1" 200 3696
[24/Mar/2014 22:55:03] "GET /css/main.css HTTP/1.1" 404 2068
[24/Mar/2014 22:58:42] "GET / HTTP/1.1" 200 3696
[24/Mar/2014 22:58:42] "GET /css/main.css HTTP/1.1" 404 2068
[24/Mar/2014 22:58:44] "GET / HTTP/1.1" 200 3696
[24/Mar/2014 22:58:44] "GET /css/main.css HTTP/1.1" 404 2068
[24/Mar/2014 22:59:14] "GET / HTTP/1.1" 500 100749
[24/Mar/2014 22:59:41] "GET / HTTP/1.1" 200 3705
[24/Mar/2014 22:59:41] "GET /static/css/main.css HTTP/1.1" 404 1645
[24/Mar/2014 23:02:48] "GET / HTTP/1.1" 200 3705
[24/Mar/2014 23:02:48] "GET /static/css/main.css HTTP/1.1" 404 1645
[24/Mar/2014 23:02:49] "GET / HTTP/1.1" 200 3705
[24/Mar/2014 23:02:49] "GET /static/css/main.css HTTP/1.1" 404 1645
[24/Mar/2014 23:02:57] "GET / HTTP/1.1" 200 3712
[24/Mar/2014 23:02:58] "GET /static/static/css/main.css HTTP/1.1" 404 1666
[24/Mar/2014 23:02:58] "GET / HTTP/1.1" 200 3712
[24/Mar/2014 23:02:59] "GET /static/static/css/main.css HTTP/1.1" 404 1666
[25/Mar/2014 00:02:12] "GET /?page=4 HTTP/1.1" 200 3366
[25/Mar/2014 00:02:14] "GET /?page=5 HTTP/1.1" 200 3823
[25/Mar/2014 00:02:16] "GET /?page=10 HTTP/1.1" 200 3269
[25/Mar/2014 00:10:19] "GET / HTTP/1.1" 200 2910
[25/Mar/2014 00:10:19] "GET /static/css/main.css HTTP/1.1" 200 0
Validating models...

0 errors found
March 25, 2014 - 00:02:09
Django version 1.6.2, using settings 'linkPad2.settings'
Starting development server at http://0.0.0.0:8002/
Quit the server with CONTROL-C.
[25/Mar/2014 01:04:56] "GET /? HTTP/1.1" 200 2910
[25/Mar/2014 01:04:56] "GET /static/css/main.css HTTP/1.1" 304 0
Validating models...

0 errors found
March 25, 2014 - 00:57:37
Django version 1.6.2, using settings 'linkPad2.settings'
Starting development server at http://0.0.0.0:8002/
Quit the server with CONTROL-C.
[25/Mar/2014 01:32:58] "GET /?page=2 HTTP/1.1" 200 4258
[25/Mar/2014 01:32:58] "GET /static/css/main.css HTTP/1.1" 304 0
[25/Mar/2014 13:17:15] "GET / HTTP/1.1" 200 2910
[25/Mar/2014 13:17:15] "GET /static/css/main.css HTTP/1.1" 200 0
[25/Mar/2014 13:17:17] "GET /?page=2 HTTP/1.1" 200 4258
[25/Mar/2014 13:17:18] "GET /?page=3 HTTP/1.1" 200 4430
[25/Mar/2014 13:17:32] "GET /?page=4 HTTP/1.1" 200 3366
[25/Mar/2014 13:17:35] "GET /?page=3 HTTP/1.1" 200 4430
[25/Mar/2014 13:18:13] "GET /?page=10 HTTP/1.1" 200 3269
[25/Mar/2014 13:21:22] "GET /? HTTP/1.1" 200 2910
[25/Mar/2014 13:21:24] "GET /?page=2 HTTP/1.1" 200 4258
[25/Mar/2014 13:21:25] "GET /?page=3 HTTP/1.1" 200 4430
[25/Mar/2014 13:22:44] "GET /? HTTP/1.1" 200 2910
[25/Mar/2014 19:30:27] "GET / HTTP/1.1" 200 2910
[25/Mar/2014 19:30:27] "GET /static/css/main.css HTTP/1.1" 200 0
[25/Mar/2014 19:32:55] "GET /add/URL=http://blogs.loc.gov/digitalpreservation/2014/03/what-could-curation-possibly-mean/ HTTP/1.1" 404 2305
[25/Mar/2014 19:33:02] "GET /add/?url=http://blogs.loc.gov/digitalpreservation/2014/03/what-could-curation-possibly-mean/ HTTP/1.1" 200 6
[25/Mar/2014 19:33:08] "GET / HTTP/1.1" 200 3074
[25/Mar/2014 22:12:03] "GET /?page=10 HTTP/1.1" 200 3227
[25/Mar/2014 22:12:03] "GET /static/css/main.css HTTP/1.1" 304 0
[25/Mar/2014 22:12:06] "GET / HTTP/1.1" 200 3074
[26/Mar/2014 02:32:43] "GET / HTTP/1.1" 200 3074
[26/Mar/2014 02:32:44] "GET /static/css/main.css HTTP/1.1" 304 0
[26/Mar/2014 02:34:23] "GET / HTTP/1.1" 200 3096
[26/Mar/2014 02:34:24] "GET /static/css/main.css HTTP/1.1" 304 0
[26/Mar/2014 02:34:26] "GET /?url=horse HTTP/1.1" 200 3096
[26/Mar/2014 02:34:40] "GET /?url=horse HTTP/1.1" 200 3104
[26/Mar/2014 02:34:40] "GET /static/css/main.css HTTP/1.1" 304 0
[26/Mar/2014 02:34:43] "GET /search/?url=horse HTTP/1.1" 404 2063
Validating models...

0 errors found
March 25, 2014 - 01:05:36
Django version 1.6.2, using settings 'linkPad2.settings'
Starting development server at http://0.0.0.0:8002/
Quit the server with CONTROL-C.
[26/Mar/2014 02:41:52] "GET / HTTP/1.1" 500 60249
Validating models...

0 errors found
March 26, 2014 - 02:35:02
Django version 1.6.2, using settings 'linkPad2.settings'
Starting development server at http://0.0.0.0:8002/
Quit the server with CONTROL-C.
[26/Mar/2014 02:42:33] "GET / HTTP/1.1" 200 3104
[26/Mar/2014 02:42:33] "GET /static/css/main.css HTTP/1.1" 304 0
Validating models...

0 errors found
March 26, 2014 - 02:42:26
Django version 1.6.2, using settings 'linkPad2.settings'
Starting development server at http://0.0.0.0:8002/
Quit the server with CONTROL-C.
Unhandled exception in thread started by <function wrapper at 0x2d708c0>
Traceback (most recent call last):
  File "/usr/local/lib/python2.7/dist-packages/django/utils/autoreload.py", line 93, in wrapper
    fn(*args, **kwargs)
  File "/usr/local/lib/python2.7/dist-packages/django/core/management/commands/runserver.py", line 127, in inner_run
    ipv6=self.use_ipv6, threading=threading)
  File "/usr/local/lib/python2.7/dist-packages/django/core/servers/basehttp.py", line 169, in run
    httpd.serve_forever()
  File "/usr/lib/python2.7/SocketServer.py", line 225, in serve_forever
    r, w, e = select.select([self], [], [], poll_interval)
AttributeError: 'NoneType' object has no attribute 'select'
[26/Mar/2014 02:45:03] "GET / HTTP/1.1" 200 3102
[26/Mar/2014 02:45:08] "GET /search/?q=google HTTP/1.1" 500 73257
Validating models...

0 errors found
March 26, 2014 - 02:43:01
Django version 1.6.2, using settings 'linkPad2.settings'
Starting development server at http://0.0.0.0:8002/
Quit the server with CONTROL-C.
[26/Mar/2014 02:46:34] "GET /search/?q=google HTTP/1.1" 500 69714
[26/Mar/2014 02:52:14] "GET /search/?q=google HTTP/1.1" 200 3345
[26/Mar/2014 02:52:14] "GET /static/css/main.css HTTP/1.1" 304 0
[26/Mar/2014 02:53:06] "GET /search/search/?q=overflow HTTP/1.1" 404 2209
[26/Mar/2014 02:53:14] "GET /search/search/?q=maps HTTP/1.1" 404 2205
[26/Mar/2014 02:53:36] "GET /search/search/?q=maps HTTP/1.1" 404 2205
[26/Mar/2014 02:53:42] "GET /search/search/?q=load HTTP/1.1" 404 2205
[26/Mar/2014 02:53:49] "GET / HTTP/1.1" 200 3099
[26/Mar/2014 02:53:52] "GET / HTTP/1.1" 200 3099
[26/Mar/2014 02:53:53] "GET /static/css/main.css HTTP/1.1" 200 0
[26/Mar/2014 02:54:00] "GET /search?q=search HTTP/1.1" 301 0
[26/Mar/2014 02:54:00] "GET /search/?q=search HTTP/1.1" 200 3519
[26/Mar/2014 02:54:05] "GET /search/search?q=formatted HTTP/1.1" 404 2207
[26/Mar/2014 02:54:19] "GET / HTTP/1.1" 200 3100
[26/Mar/2014 02:54:20] "GET / HTTP/1.1" 200 3100
[26/Mar/2014 02:54:21] "GET /static/css/main.css HTTP/1.1" 304 0
[26/Mar/2014 02:54:25] "GET /search?q=trans HTTP/1.1" 301 0
[26/Mar/2014 02:54:26] "GET /search/?q=trans HTTP/1.1" 200 481
[26/Mar/2014 02:54:28] "GET /search?q=google HTTP/1.1" 301 0
[26/Mar/2014 02:54:29] "GET /search/?q=google HTTP/1.1" 200 3343
[26/Mar/2014 02:54:33] "GET /search?q=correlate HTTP/1.1" 301 0
[26/Mar/2014 02:54:33] "GET /search/?q=correlate HTTP/1.1" 200 711
[26/Mar/2014 02:54:38] "GET /search/?q=google HTTP/1.1" 200 3343
[26/Mar/2014 02:54:42] "GET /search/?page=2 HTTP/1.1" 500 60440
[26/Mar/2014 02:55:16] "GET /search/?q=google&page=2 HTTP/1.1" 200 2050
[26/Mar/2014 02:55:46] "GET /search/?q=google&page=2 HTTP/1.1" 200 2050
[26/Mar/2014 02:55:47] "GET /static/css/main.css HTTP/1.1" 304 0
[26/Mar/2014 02:56:06] "GET /search/?q=google&page=2 HTTP/1.1" 200 2066
[26/Mar/2014 02:56:07] "GET /static/css/main.css HTTP/1.1" 304 0
[26/Mar/2014 02:56:08] "GET / HTTP/1.1" 200 3116
[26/Mar/2014 02:56:12] "GET /search/?q=google HTTP/1.1" 200 3359
Validating models...

0 errors found
March 26, 2014 - 02:45:45
Django version 1.6.2, using settings 'linkPad2.settings'
Starting development server at http://0.0.0.0:8002/
Quit the server with CONTROL-C.
[26/Mar/2014 02:57:10] "GET /search/?q=google HTTP/1.1" 200 3359
[26/Mar/2014 02:57:11] "GET /static/css/main.css HTTP/1.1" 304 0
[26/Mar/2014 03:03:09] "GET /search/?q=google HTTP/1.1" 200 3373
[26/Mar/2014 03:03:10] "GET /static/css/main.css HTTP/1.1" 304 0
[26/Mar/2014 03:03:14] "GET /search/?q=google HTTP/1.1" 200 3373
[26/Mar/2014 03:03:14] "GET /static/css/main.css HTTP/1.1" 304 0
[26/Mar/2014 03:03:16] "GET /search/?q=google HTTP/1.1" 200 3373
[26/Mar/2014 03:03:20] "GET /search/?q=google HTTP/1.1" 200 3373
[26/Mar/2014 03:04:23] "GET /search/?q=google HTTP/1.1" 200 3373
[26/Mar/2014 03:04:29] "GET /search/?q=horese HTTP/1.1" 200 511
[26/Mar/2014 03:04:32] "GET /search/?q=horse HTTP/1.1" 200 819
[26/Mar/2014 03:11:07] "GET / HTTP/1.1" 200 3116
[26/Mar/2014 03:11:07] "GET /static/css/main.css HTTP/1.1" 304 0
[26/Mar/2014 03:12:18] "GET /search?q=Title HTTP/1.1" 301 0
[26/Mar/2014 03:12:19] "GET /search/?q=Title HTTP/1.1" 200 4445
[26/Mar/2014 03:12:23] "GET /search/?q=Title&page=2 HTTP/1.1" 200 3278
[26/Mar/2014 16:30:14] "GET /add/u HTTP/1.1" 404 2171
[26/Mar/2014 16:30:23] "GET /add/?url=https://lpdaac.usgs.gov/products/modis_overview HTTP/1.1" 500 59574
[26/Mar/2014 16:30:37] "GET /add/?url=https://lpdaac.usgs.gov/products/modis_overview HTTP/1.1" 500 59815
[26/Mar/2014 16:30:40] "GET / HTTP/1.1" 200 3116
[26/Mar/2014 16:30:41] "GET /static/css/main.css HTTP/1.1" 304 0
[26/Mar/2014 16:30:43] "GET /search?q=horse HTTP/1.1" 301 0
[26/Mar/2014 16:30:43] "GET /search/?q=horse HTTP/1.1" 200 805
[26/Mar/2014 16:30:49] "GET /add/ HTTP/1.1" 200 16
[26/Mar/2014 16:30:54] "GET /add/?URL=https://lpdaac.usgs.gov/products/modis_overview HTTP/1.1" 200 16
[26/Mar/2014 16:30:58] "GET /add/?url=https://lpdaac.usgs.gov/products/modis_overview HTTP/1.1" 500 59574
[26/Mar/2014 16:31:11] "GET /add/?url=http://lpdaac.usgs.gov/products/modis_overview HTTP/1.1" 500 59565
[26/Mar/2014 16:31:15] "GET /add/?url=https://lpdaac.usgs.gov/products/modis_overview HTTP/1.1" 500 59574
[26/Mar/2014 16:31:23] "GET /add/?url=http://www.google.com HTTP/1.1" 500 59340
[26/Mar/2014 16:37:54] "GET /add/?url=https://lpdaac.usgs.gov/products/modis_overview HTTP/1.1" 500 59815
Validating models...

0 errors found
March 26, 2014 - 03:11:04
Django version 1.6.2, using settings 'linkPad2.settings'
Starting development server at http://0.0.0.0:8002/
Quit the server with CONTROL-C.
Uh-oh.
Uh-oh.
[26/Mar/2014 16:38:44] "GET /add/?url=https://lpdaac.usgs.gov/products/modis_overview HTTP/1.1" 200 6
[26/Mar/2014 16:38:48] "GET / HTTP/1.1" 200 3093
Validating models...

0 errors found
March 26, 2014 - 16:38:42
Django version 1.6.2, using settings 'linkPad2.settings'
Starting development server at http://0.0.0.0:8002/
Quit the server with CONTROL-C.
[26/Mar/2014 19:47:06] "GET /search?q=photo HTTP/1.1" 301 0
[26/Mar/2014 19:47:06] "GET /search/?q=photo HTTP/1.1" 200 497
[26/Mar/2014 19:47:14] "GET /search?q=*photo* HTTP/1.1" 301 0
[26/Mar/2014 19:47:14] "GET /search/?q=*photo* HTTP/1.1" 200 3373
[26/Mar/2014 23:22:39] "GET / HTTP/1.1" 200 3093
[26/Mar/2014 23:22:39] "GET /static/css/main.css HTTP/1.1" 304 0
[26/Mar/2014 23:23:53] "GET /add/?url=http://68.42.117.7/linkPad/ HTTP/1.1" 200 6
[26/Mar/2014 23:23:57] "GET / HTTP/1.1" 200 3049
[26/Mar/2014 23:24:44] "GET / HTTP/1.1" 200 3085
[26/Mar/2014 23:24:44] "GET /static/css/main.css HTTP/1.1" 304 0
[26/Mar/2014 23:24:51] "GET /add/?url=http://68.42.117.7/linkPad/ HTTP/1.1" 200 6
[26/Mar/2014 23:24:54] "GET / HTTP/1.1" 200 3085
[26/Mar/2014 23:24:55] "GET / HTTP/1.1" 200 3085
[26/Mar/2014 23:24:56] "GET / HTTP/1.1" 200 3085
[26/Mar/2014 23:25:04] "GET / HTTP/1.1" 200 3085
[26/Mar/2014 23:26:02] "GET / HTTP/1.1" 200 3216
[26/Mar/2014 23:26:02] "GET /static/css/main.css HTTP/1.1" 304 0
[26/Mar/2014 23:26:18] "GET / HTTP/1.1" 200 3234
[26/Mar/2014 23:26:19] "GET /static/css/main.css HTTP/1.1" 304 0
[26/Mar/2014 23:28:09] "GET / HTTP/1.1" 200 3247
[26/Mar/2014 23:28:09] "GET /static/css/main.css HTTP/1.1" 304 0
[26/Mar/2014 23:28:13] "GET / HTTP/1.1" 200 3247
[26/Mar/2014 23:28:13] "GET /add/?url=http://162.243.93.130:8002/ HTTP/1.1" 200 6
[26/Mar/2014 23:28:18] "GET / HTTP/1.1" 200 3154
[26/Mar/2014 23:29:38] "GET / HTTP/1.1" 200 3238
[26/Mar/2014 23:29:38] "GET /static/css/main.css HTTP/1.1" 304 0
[26/Mar/2014 23:29:54] "GET / HTTP/1.1" 200 3238
[26/Mar/2014 23:29:54] "GET /add/?url=http://162.243.93.130:8002/ HTTP/1.1" 200 6
[26/Mar/2014 23:31:58] "GET / HTTP/1.1" 200 3154
[26/Mar/2014 23:31:58] "GET /static/css/main.css HTTP/1.1" 304 0
[26/Mar/2014 23:33:01] "GET / HTTP/1.1" 200 4696
[26/Mar/2014 23:33:01] "GET /static/css/main.css HTTP/1.1" 304 0
[26/Mar/2014 23:33:10] "GET / HTTP/1.1" 200 2504
[26/Mar/2014 23:33:10] "GET /static/css/main.css HTTP/1.1" 304 0
[26/Mar/2014 23:33:50] "GET / HTTP/1.1" 200 2515
[26/Mar/2014 23:33:50] "GET /static/css/main.css HTTP/1.1" 200 34
[26/Mar/2014 23:33:55] "GET / HTTP/1.1" 200 2515
[26/Mar/2014 23:33:56] "GET /static/css/main.css HTTP/1.1" 200 35
[26/Mar/2014 23:34:01] "GET / HTTP/1.1" 200 2515
[26/Mar/2014 23:34:01] "GET /static/css/main.css HTTP/1.1" 200 35
[26/Mar/2014 23:34:04] "GET /?page=2 HTTP/1.1" 200 3587
[26/Mar/2014 23:34:04] "GET /static/css/main.css HTTP/1.1" 304 0
[26/Mar/2014 23:34:05] "GET /?page=3 HTTP/1.1" 200 3815
[26/Mar/2014 23:34:06] "GET /static/css/main.css HTTP/1.1" 304 0
[26/Mar/2014 23:34:57] "GET / HTTP/1.1" 200 2515
[26/Mar/2014 23:34:57] "GET /static/css/main.css HTTP/1.1" 200 35
[26/Mar/2014 23:35:42] "GET / HTTP/1.1" 200 2515
[26/Mar/2014 23:35:42] "GET /static/css/main.css HTTP/1.1" 304 0
[26/Mar/2014 23:36:00] "GET / HTTP/1.1" 200 2515
[27/Mar/2014 01:38:16] "GET / HTTP/1.1" 200 2515
[27/Mar/2014 01:38:16] "GET /static/css/main.css HTTP/1.1" 304 0
[27/Mar/2014 01:38:48] "GET /?page=2 HTTP/1.1" 200 3587
[27/Mar/2014 01:38:52] "GET /?page=3 HTTP/1.1" 200 3815
[27/Mar/2014 01:38:59] "GET /?page=4 HTTP/1.1" 200 3534
[27/Mar/2014 01:39:18] "GET /?page=5 HTTP/1.1" 200 3188
[27/Mar/2014 01:39:24] "GET /?page=3 HTTP/1.1" 200 3815
[27/Mar/2014 01:39:25] "GET /?page=30 HTTP/1.1" 200 3002
[27/Mar/2014 01:41:00] "GET /?page=31 HTTP/1.1" 200 3462
[27/Mar/2014 01:42:33] "GET /?page=32 HTTP/1.1" 200 3400
[27/Mar/2014 12:52:40] "GET /add/?url=http://digital.library.wayne.edu/dev/graham/digitalcollections/item?id=wayne:CFAIEB01a005 HTTP/1.1" 200 6
[27/Mar/2014 12:52:43] "GET / HTTP/1.1" 200 2662
[27/Mar/2014 12:52:43] "GET /static/css/main.css HTTP/1.1" 200 35
[27/Mar/2014 14:25:27] "GET /add/?url=http://digital.library.wayne.edu/dev/graham/digitalcollections/item?id=wayne:CFAIEB01a005 HTTP/1.1" 200 6
[27/Mar/2014 14:25:28] "GET / HTTP/1.1" 200 2662
[27/Mar/2014 14:25:28] "GET /static/css/main.css HTTP/1.1" 304 0
[27/Mar/2014 14:26:15] "GET /add/?url=http://digital.library.wayne.edu/dev/graham/digitalcollections/item?id=wayne:CFAIEB01a003 HTTP/1.1" 200 6
[27/Mar/2014 14:26:16] "GET / HTTP/1.1" 200 2792
[27/Mar/2014 19:09:51] "GET / HTTP/1.1" 200 2792
[27/Mar/2014 19:09:58] "GET / HTTP/1.1" 200 2792
[27/Mar/2014 19:09:59] "GET / HTTP/1.1" 200 2792
[27/Mar/2014 19:10:03] "GET / HTTP/1.1" 200 2792
[27/Mar/2014 19:10:03] "GET /static/css/main.css HTTP/1.1" 304 0
[27/Mar/2014 20:16:30] "GET / HTTP/1.1" 200 2792
[27/Mar/2014 20:22:17] "GET /add/?url=https://github.com/mozilla/MozStumbler/releases HTTP/1.1" 200 6
[27/Mar/2014 20:26:38] "GET /add/?url=http://www.w3schools.com/jsref/met_win_open.asp HTTP/1.1" 200 6
[27/Mar/2014 20:27:34] "GET /add/?url=http://www.w3schools.com/jsref/met_win_open.asp HTTP/1.1" 200 6
[27/Mar/2014 20:28:06] "GET /add/?url=http://www.w3schools.com/jsref/met_win_open.asp HTTP/1.1" 200 6
[27/Mar/2014 20:28:09] "GET /add/?url=http://stackoverflow.com/questions/5141910/javascript-location-href-to-open-in-new-window-tab HTTP/1.1" 200 6
[27/Mar/2014 20:30:23] "GET /add/?url=http://www.w3schools.com/jsref/tryit.asp?filename=tryjsref_win_open2 HTTP/1.1" 200 6
[27/Mar/2014 20:30:29] "GET / HTTP/1.1" 200 3118
[27/Mar/2014 20:30:57] "GET / HTTP/1.1" 200 3118
[27/Mar/2014 21:35:45] "GET / HTTP/1.1" 200 3118
[27/Mar/2014 21:35:45] "GET /static/css/main.css HTTP/1.1" 304 0
Validating models...

0 errors found
March 26, 2014 - 16:38:53
Django version 1.6.2, using settings 'linkPad2.settings'
Starting development server at http://0.0.0.0:8002/
Quit the server with CONTROL-C.
[27/Mar/2014 21:39:22] "GET / HTTP/1.1" 200 3180
[27/Mar/2014 21:39:22] "GET /static/css/main.css HTTP/1.1" 304 0
[27/Mar/2014 21:39:24] "GET / HTTP/1.1" 200 3180
[27/Mar/2014 21:39:24] "GET /static/css/main.css HTTP/1.1" 304 0
[27/Mar/2014 21:39:28] "GET / HTTP/1.1" 200 3180
[27/Mar/2014 21:39:28] "GET /static/css/main.css HTTP/1.1" 304 0
[27/Mar/2014 21:39:32] "GET / HTTP/1.1" 200 3180
[27/Mar/2014 21:39:32] "GET /static/css/main.css HTTP/1.1" 304 0
[28/Mar/2014 00:24:04] "GET / HTTP/1.1" 200 3975
[28/Mar/2014 00:24:04] "GET /static/css/main.css HTTP/1.1" 304 0
[28/Mar/2014 00:24:04] "GET /static/js/main.js HTTP/1.1" 304 0
[28/Mar/2014 00:24:07] "GET /search?q=horse HTTP/1.1" 301 0
[28/Mar/2014 00:24:07] "GET /search/?q=horse HTTP/1.1" 200 1134
[28/Mar/2014 00:24:10] "GET /edit/?id=518cd9ff5e77c130 HTTP/1.1" 200 1142
[28/Mar/2014 00:24:14] "GET /edit/?linkTitle=Search+All+By+B.+D.+Owens+Library%2C+Northwest+Missouri+State+University+EDITED&linkURL=http%3A%2F%2Fsearch.owenslibrary.org%2Fsearch%3Fkeyword%3Dhorse&id=518cd9ff5e77c130 HTTP/1.1" 200 500
[28/Mar/2014 00:24:15] "GET / HTTP/1.1" 200 3975
[28/Mar/2014 00:24:17] "GET /search/?q=horse HTTP/1.1" 200 1141
[28/Mar/2014 00:24:19] "GET /search?q= HTTP/1.1" 301 0
[28/Mar/2014 00:24:19] "GET /search/?q= HTTP/1.1" 200 805
[28/Mar/2014 00:24:21] "GET /search/?q= HTTP/1.1" 200 805
[28/Mar/2014 00:24:22] "GET / HTTP/1.1" 200 3975
[28/Mar/2014 00:24:27] "GET /?page=2 HTTP/1.1" 200 3530
[28/Mar/2014 00:24:29] "GET /?page=3 HTTP/1.1" 200 4818
[28/Mar/2014 00:24:30] "GET /?page=4 HTTP/1.1" 200 4990
[28/Mar/2014 00:24:31] "GET /?page=5 HTTP/1.1" 200 3926
[28/Mar/2014 00:24:32] "GET /?page=6 HTTP/1.1" 200 4383
[28/Mar/2014 00:24:45] "GET /?page=7 HTTP/1.1" 200 3954
[28/Mar/2014 00:24:59] "GET /edit/?id=6c3919c65203573f HTTP/1.1" 200 1097
[28/Mar/2014 00:25:01] "GET /edit/?linkTitle=QUADRO%2FNVS%2FTESLA%2FGRID+DESKTOP+DRIVER+RELEASE+331&linkURL=http%3A%2F%2Fwww.nvidia.com%2Fdownload%2FdriverResults.aspx%2F72759%2Fen-us&id=6c3919c65203573f HTTP/1.1" 200 500
[28/Mar/2014 00:25:03] "GET / HTTP/1.1" 200 3975
[28/Mar/2014 00:25:05] "GET /search?q=quadro HTTP/1.1" 301 0
[28/Mar/2014 00:25:05] "GET /search/?q=quadro HTTP/1.1" 200 1488
